{"/home/czhao/projets/episciences-manager/assets/controllers/csrf_protection_controller.js": {"path":"/home/czhao/projets/episciences-manager/assets/controllers/csrf_protection_controller.js","statementMap":{"0":{"start":{"line":1,"column":18},"end":{"line":1,"column":41}},"1":{"start":{"line":2,"column":19},"end":{"line":2,"column":43}},"2":{"start":{"line":5,"column":0},"end":{"line":11,"column":2}},"3":{"start":{"line":8,"column":4},"end":{"line":8,"column":36}},"4":{"start":{"line":15,"column":0},"end":{"line":20,"column":3}},"5":{"start":{"line":16,"column":12},"end":{"line":16,"column":72}},"6":{"start":{"line":17,"column":2},"end":{"line":19,"column":5}},"7":{"start":{"line":18,"column":4},"end":{"line":18,"column":63}},"8":{"start":{"line":23,"column":0},"end":{"line":25,"column":3}},"9":{"start":{"line":24,"column":2},"end":{"line":24,"column":59}},"10":{"start":{"line":28,"column":20},"end":{"line":30,"column":3}},"11":{"start":{"line":32,"column":2},"end":{"line":34,"column":3}},"12":{"start":{"line":33,"column":4},"end":{"line":33,"column":11}},"13":{"start":{"line":36,"column":19},"end":{"line":36,"column":78}},"14":{"start":{"line":37,"column":18},"end":{"line":37,"column":33}},"15":{"start":{"line":39,"column":2},"end":{"line":51,"column":3}},"16":{"start":{"line":40,"column":4},"end":{"line":43,"column":6}},"17":{"start":{"line":44,"column":4},"end":{"line":49,"column":6}},"18":{"start":{"line":50,"column":4},"end":{"line":50,"column":68}},"19":{"start":{"line":53,"column":2},"end":{"line":65,"column":3}},"20":{"start":{"line":55,"column":6},"end":{"line":60,"column":33}},"21":{"start":{"line":61,"column":4},"end":{"line":64,"column":17}},"22":{"start":{"line":69,"column":18},"end":{"line":69,"column":20}},"23":{"start":{"line":70,"column":20},"end":{"line":72,"column":3}},"24":{"start":{"line":74,"column":2},"end":{"line":76,"column":3}},"25":{"start":{"line":75,"column":4},"end":{"line":75,"column":19}},"26":{"start":{"line":78,"column":21},"end":{"line":80,"column":3}},"27":{"start":{"line":82,"column":2},"end":{"line":84,"column":3}},"28":{"start":{"line":83,"column":4},"end":{"line":83,"column":42}},"29":{"start":{"line":86,"column":2},"end":{"line":86,"column":17}},"30":{"start":{"line":90,"column":20},"end":{"line":92,"column":3}},"31":{"start":{"line":94,"column":2},"end":{"line":96,"column":3}},"32":{"start":{"line":95,"column":4},"end":{"line":95,"column":11}},"33":{"start":{"line":98,"column":21},"end":{"line":100,"column":3}},"34":{"start":{"line":102,"column":2},"end":{"line":113,"column":3}},"35":{"start":{"line":104,"column":6},"end":{"line":107,"column":46}},"36":{"start":{"line":109,"column":4},"end":{"line":112,"column":17}}},"fnMap":{"0":{"name":"(anonymous_0)","decl":{"start":{"line":7,"column":2},"end":{"line":7,"column":3}},"loc":{"start":{"line":7,"column":19},"end":{"line":9,"column":3}},"line":7},"1":{"name":"(anonymous_1)","decl":{"start":{"line":15,"column":48},"end":{"line":15,"column":49}},"loc":{"start":{"line":15,"column":65},"end":{"line":20,"column":1}},"line":15},"2":{"name":"(anonymous_2)","decl":{"start":{"line":17,"column":21},"end":{"line":17,"column":22}},"loc":{"start":{"line":17,"column":34},"end":{"line":19,"column":3}},"line":17},"3":{"name":"(anonymous_3)","decl":{"start":{"line":23,"column":46},"end":{"line":23,"column":47}},"loc":{"start":{"line":23,"column":63},"end":{"line":25,"column":1}},"line":23},"4":{"name":"generateCsrfToken","decl":{"start":{"line":27,"column":16},"end":{"line":27,"column":33}},"loc":{"start":{"line":27,"column":47},"end":{"line":66,"column":1}},"line":27},"5":{"name":"generateCsrfHeaders","decl":{"start":{"line":68,"column":16},"end":{"line":68,"column":35}},"loc":{"start":{"line":68,"column":49},"end":{"line":87,"column":1}},"line":68},"6":{"name":"removeCsrfToken","decl":{"start":{"line":89,"column":16},"end":{"line":89,"column":31}},"loc":{"start":{"line":89,"column":45},"end":{"line":114,"column":1}},"line":89}},"branchMap":{"0":{"loc":{"start":{"line":32,"column":2},"end":{"line":34,"column":3}},"type":"if","locations":[{"start":{"line":32,"column":2},"end":{"line":34,"column":3}},{"start":{},"end":{}}],"line":32},"1":{"loc":{"start":{"line":39,"column":2},"end":{"line":51,"column":3}},"type":"if","locations":[{"start":{"line":39,"column":2},"end":{"line":51,"column":3}},{"start":{},"end":{}}],"line":39},"2":{"loc":{"start":{"line":39,"column":6},"end":{"line":39,"column":46}},"type":"binary-expr","locations":[{"start":{"line":39,"column":6},"end":{"line":39,"column":17}},{"start":{"line":39,"column":21},"end":{"line":39,"column":46}}],"line":39},"3":{"loc":{"start":{"line":47,"column":9},"end":{"line":47,"column":41}},"type":"binary-expr","locations":[{"start":{"line":47,"column":9},"end":{"line":47,"column":22}},{"start":{"line":47,"column":26},"end":{"line":47,"column":41}}],"line":47},"4":{"loc":{"start":{"line":53,"column":2},"end":{"line":65,"column":3}},"type":"if","locations":[{"start":{"line":53,"column":2},"end":{"line":65,"column":3}},{"start":{},"end":{}}],"line":53},"5":{"loc":{"start":{"line":53,"column":6},"end":{"line":53,"column":46}},"type":"binary-expr","locations":[{"start":{"line":53,"column":6},"end":{"line":53,"column":16}},{"start":{"line":53,"column":20},"end":{"line":53,"column":46}}],"line":53},"6":{"loc":{"start":{"line":62,"column":6},"end":{"line":64,"column":16}},"type":"cond-expr","locations":[{"start":{"line":63,"column":10},"end":{"line":63,"column":41}},{"start":{"line":64,"column":10},"end":{"line":64,"column":16}}],"line":62},"7":{"loc":{"start":{"line":74,"column":2},"end":{"line":76,"column":3}},"type":"if","locations":[{"start":{"line":74,"column":2},"end":{"line":76,"column":3}},{"start":{},"end":{}}],"line":74},"8":{"loc":{"start":{"line":82,"column":2},"end":{"line":84,"column":3}},"type":"if","locations":[{"start":{"line":82,"column":2},"end":{"line":84,"column":3}},{"start":{},"end":{}}],"line":82},"9":{"loc":{"start":{"line":82,"column":6},"end":{"line":82,"column":68}},"type":"binary-expr","locations":[{"start":{"line":82,"column":6},"end":{"line":82,"column":38}},{"start":{"line":82,"column":42},"end":{"line":82,"column":68}}],"line":82},"10":{"loc":{"start":{"line":94,"column":2},"end":{"line":96,"column":3}},"type":"if","locations":[{"start":{"line":94,"column":2},"end":{"line":96,"column":3}},{"start":{},"end":{}}],"line":94},"11":{"loc":{"start":{"line":102,"column":2},"end":{"line":113,"column":3}},"type":"if","locations":[{"start":{"line":102,"column":2},"end":{"line":113,"column":3}},{"start":{},"end":{}}],"line":102},"12":{"loc":{"start":{"line":102,"column":6},"end":{"line":102,"column":68}},"type":"binary-expr","locations":[{"start":{"line":102,"column":6},"end":{"line":102,"column":38}},{"start":{"line":102,"column":42},"end":{"line":102,"column":68}}],"line":102},"13":{"loc":{"start":{"line":110,"column":6},"end":{"line":112,"column":16}},"type":"cond-expr","locations":[{"start":{"line":111,"column":10},"end":{"line":111,"column":41}},{"start":{"line":112,"column":10},"end":{"line":112,"column":16}}],"line":110}},"s":{"0":0,"1":0,"2":0,"3":0,"4":0,"5":0,"6":0,"7":0,"8":0,"9":0,"10":0,"11":0,"12":0,"13":0,"14":0,"15":0,"16":0,"17":0,"18":0,"19":0,"20":0,"21":0,"22":0,"23":0,"24":0,"25":0,"26":0,"27":0,"28":0,"29":0,"30":0,"31":0,"32":0,"33":0,"34":0,"35":0,"36":0},"f":{"0":0,"1":0,"2":0,"3":0,"4":0,"5":0,"6":0},"b":{"0":[0,0],"1":[0,0],"2":[0,0],"3":[0,0],"4":[0,0],"5":[0,0],"6":[0,0],"7":[0,0],"8":[0,0],"9":[0,0],"10":[0,0],"11":[0,0],"12":[0,0],"13":[0,0]}}
,"/home/czhao/projets/episciences-manager/assets/controllers/hello_controller.js": {"path":"/home/czhao/projets/episciences-manager/assets/controllers/hello_controller.js","statementMap":{"0":{"start":{"line":14,"column":4},"end":{"line":15,"column":74}}},"fnMap":{"0":{"name":"(anonymous_0)","decl":{"start":{"line":13,"column":2},"end":{"line":13,"column":3}},"loc":{"start":{"line":13,"column":12},"end":{"line":16,"column":3}},"line":13}},"branchMap":{},"s":{"0":0},"f":{"0":0},"b":{}}
,"/home/czhao/projets/episciences-manager/assets/scripts/pages/index.js": {"path":"/home/czhao/projets/episciences-manager/assets/scripts/pages/index.js","statementMap":{"0":{"start":{"line":3,"column":0},"end":{"line":17,"column":3}},"1":{"start":{"line":4,"column":22},"end":{"line":4,"column":62}},"2":{"start":{"line":6,"column":2},"end":{"line":16,"column":3}},"3":{"start":{"line":8,"column":4},"end":{"line":15,"column":13}},"4":{"start":{"line":9,"column":6},"end":{"line":14,"column":7}},"5":{"start":{"line":10,"column":24},"end":{"line":10,"column":62}},"6":{"start":{"line":11,"column":8},"end":{"line":11,"column":24}},"7":{"start":{"line":13,"column":8},"end":{"line":13,"column":80}}},"fnMap":{"0":{"name":"(anonymous_0)","decl":{"start":{"line":3,"column":46},"end":{"line":3,"column":47}},"loc":{"start":{"line":3,"column":58},"end":{"line":17,"column":1}},"line":3},"1":{"name":"(anonymous_1)","decl":{"start":{"line":8,"column":15},"end":{"line":8,"column":16}},"loc":{"start":{"line":8,"column":21},"end":{"line":15,"column":5}},"line":8}},"branchMap":{"0":{"loc":{"start":{"line":6,"column":2},"end":{"line":16,"column":3}},"type":"if","locations":[{"start":{"line":6,"column":2},"end":{"line":16,"column":3}},{"start":{},"end":{}}],"line":6},"1":{"loc":{"start":{"line":6,"column":6},"end":{"line":6,"column":76}},"type":"binary-expr","locations":[{"start":{"line":6,"column":6},"end":{"line":6,"column":17}},{"start":{"line":6,"column":21},"end":{"line":6,"column":76}}],"line":6}},"s":{"0":0,"1":0,"2":0,"3":0,"4":0,"5":0,"6":0,"7":0},"f":{"0":0,"1":0},"b":{"0":[0,0],"1":[0,0]}}
,"/home/czhao/projets/episciences-manager/assets/scripts/pages/journalDetails.js": {"path":"/home/czhao/projets/episciences-manager/assets/scripts/pages/journalDetails.js","statementMap":{"0":{"start":{"line":5,"column":2},"end":{"line":8,"column":4}},"1":{"start":{"line":11,"column":21},"end":{"line":11,"column":59}},"2":{"start":{"line":12,"column":2},"end":{"line":16,"column":3}},"3":{"start":{"line":13,"column":4},"end":{"line":13,"column":72}},"4":{"start":{"line":14,"column":4},"end":{"line":15,"column":68}},"5":{"start":{"line":19,"column":21},"end":{"line":19,"column":62}},"6":{"start":{"line":20,"column":2},"end":{"line":23,"column":3}},"7":{"start":{"line":21,"column":4},"end":{"line":22,"column":75}},"8":{"start":{"line":26,"column":25},"end":{"line":26,"column":79}},"9":{"start":{"line":27,"column":2},"end":{"line":29,"column":3}},"10":{"start":{"line":28,"column":4},"end":{"line":28,"column":63}},"11":{"start":{"line":32,"column":23},"end":{"line":32,"column":79}},"12":{"start":{"line":33,"column":2},"end":{"line":35,"column":3}},"13":{"start":{"line":34,"column":4},"end":{"line":34,"column":59}},"14":{"start":{"line":38,"column":19},"end":{"line":38,"column":63}},"15":{"start":{"line":39,"column":2},"end":{"line":41,"column":3}},"16":{"start":{"line":40,"column":4},"end":{"line":40,"column":60}},"17":{"start":{"line":44,"column":23},"end":{"line":46,"column":3}},"18":{"start":{"line":47,"column":2},"end":{"line":50,"column":3}},"19":{"start":{"line":48,"column":4},"end":{"line":49,"column":71}},"20":{"start":{"line":53,"column":21},"end":{"line":53,"column":59}},"21":{"start":{"line":54,"column":2},"end":{"line":57,"column":3}},"22":{"start":{"line":55,"column":4},"end":{"line":56,"column":68}},"23":{"start":{"line":61,"column":0},"end":{"line":61,"column":57}},"24":{"start":{"line":63,"column":0},"end":{"line":281,"column":3}},"25":{"start":{"line":64,"column":2},"end":{"line":64,"column":28}},"26":{"start":{"line":68,"column":4},"end":{"line":70,"column":8}},"27":{"start":{"line":71,"column":2},"end":{"line":84,"column":3}},"28":{"start":{"line":72,"column":4},"end":{"line":83,"column":9}},"29":{"start":{"line":77,"column":24},"end":{"line":77,"column":39}},"30":{"start":{"line":79,"column":8},"end":{"line":79,"column":43}},"31":{"start":{"line":82,"column":8},"end":{"line":82,"column":68}},"32":{"start":{"line":86,"column":20},"end":{"line":86,"column":63}},"33":{"start":{"line":87,"column":22},"end":{"line":87,"column":61}},"34":{"start":{"line":88,"column":19},"end":{"line":88,"column":55}},"35":{"start":{"line":89,"column":21},"end":{"line":89,"column":59}},"36":{"start":{"line":90,"column":21},"end":{"line":90,"column":59}},"37":{"start":{"line":91,"column":24},"end":{"line":91,"column":66}},"38":{"start":{"line":92,"column":26},"end":{"line":92,"column":70}},"39":{"start":{"line":94,"column":24},"end":{"line":94,"column":28}},"40":{"start":{"line":95,"column":27},"end":{"line":95,"column":31}},"41":{"start":{"line":97,"column":2},"end":{"line":97,"column":48}},"42":{"start":{"line":98,"column":2},"end":{"line":98,"column":52}},"43":{"start":{"line":100,"column":2},"end":{"line":174,"column":5}},"44":{"start":{"line":101,"column":4},"end":{"line":173,"column":7}},"45":{"start":{"line":102,"column":6},"end":{"line":102,"column":25}},"46":{"start":{"line":103,"column":6},"end":{"line":103,"column":34}},"47":{"start":{"line":105,"column":23},"end":{"line":105,"column":58}},"48":{"start":{"line":106,"column":26},"end":{"line":106,"column":64}},"49":{"start":{"line":108,"column":6},"end":{"line":108,"column":42}},"50":{"start":{"line":109,"column":6},"end":{"line":109,"column":48}},"51":{"start":{"line":111,"column":6},"end":{"line":114,"column":7}},"52":{"start":{"line":112,"column":8},"end":{"line":112,"column":57}},"53":{"start":{"line":113,"column":8},"end":{"line":113,"column":15}},"54":{"start":{"line":117,"column":6},"end":{"line":117,"column":33}},"55":{"start":{"line":118,"column":6},"end":{"line":118,"column":39}},"56":{"start":{"line":121,"column":6},"end":{"line":121,"column":59}},"57":{"start":{"line":121,"column":29},"end":{"line":121,"column":57}},"58":{"start":{"line":123,"column":6},"end":{"line":123,"column":35}},"59":{"start":{"line":126,"column":8},"end":{"line":128,"column":12}},"60":{"start":{"line":130,"column":6},"end":{"line":132,"column":7}},"61":{"start":{"line":131,"column":8},"end":{"line":131,"column":22}},"62":{"start":{"line":133,"column":22},"end":{"line":133,"column":74}},"63":{"start":{"line":134,"column":6},"end":{"line":134,"column":40}},"64":{"start":{"line":137,"column":6},"end":{"line":137,"column":56}},"65":{"start":{"line":138,"column":6},"end":{"line":138,"column":47}},"66":{"start":{"line":139,"column":6},"end":{"line":139,"column":41}},"67":{"start":{"line":140,"column":6},"end":{"line":140,"column":64}},"68":{"start":{"line":143,"column":6},"end":{"line":172,"column":11}},"69":{"start":{"line":149,"column":10},"end":{"line":149,"column":59}},"70":{"start":{"line":150,"column":10},"end":{"line":150,"column":33}},"71":{"start":{"line":153,"column":10},"end":{"line":153,"column":46}},"72":{"start":{"line":154,"column":10},"end":{"line":164,"column":11}},"73":{"start":{"line":155,"column":12},"end":{"line":155,"column":79}},"74":{"start":{"line":158,"column":34},"end":{"line":158,"column":40}},"75":{"start":{"line":160,"column":12},"end":{"line":163,"column":42}},"76":{"start":{"line":165,"column":10},"end":{"line":165,"column":46}},"77":{"start":{"line":168,"column":10},"end":{"line":168,"column":47}},"78":{"start":{"line":169,"column":10},"end":{"line":170,"column":78}},"79":{"start":{"line":171,"column":10},"end":{"line":171,"column":46}},"80":{"start":{"line":177,"column":2},"end":{"line":199,"column":5}},"81":{"start":{"line":178,"column":4},"end":{"line":178,"column":39}},"82":{"start":{"line":180,"column":4},"end":{"line":183,"column":5}},"83":{"start":{"line":181,"column":6},"end":{"line":181,"column":49}},"84":{"start":{"line":182,"column":6},"end":{"line":182,"column":13}},"85":{"start":{"line":186,"column":23},"end":{"line":186,"column":70}},"86":{"start":{"line":187,"column":22},"end":{"line":189,"column":23}},"87":{"start":{"line":192,"column":27},"end":{"line":192,"column":51}},"88":{"start":{"line":195,"column":4},"end":{"line":195,"column":36}},"89":{"start":{"line":196,"column":4},"end":{"line":196,"column":67}},"90":{"start":{"line":198,"column":4},"end":{"line":198,"column":73}},"91":{"start":{"line":202,"column":2},"end":{"line":280,"column":5}},"92":{"start":{"line":203,"column":4},"end":{"line":203,"column":39}},"93":{"start":{"line":205,"column":4},"end":{"line":208,"column":5}},"94":{"start":{"line":206,"column":6},"end":{"line":206,"column":49}},"95":{"start":{"line":207,"column":6},"end":{"line":207,"column":13}},"96":{"start":{"line":210,"column":23},"end":{"line":210,"column":44}},"97":{"start":{"line":211,"column":21},"end":{"line":211,"column":40}},"98":{"start":{"line":213,"column":6},"end":{"line":215,"column":10}},"99":{"start":{"line":218,"column":4},"end":{"line":220,"column":5}},"100":{"start":{"line":219,"column":6},"end":{"line":219,"column":20}},"101":{"start":{"line":222,"column":20},"end":{"line":222,"column":91}},"102":{"start":{"line":224,"column":4},"end":{"line":224,"column":39}},"103":{"start":{"line":225,"column":4},"end":{"line":225,"column":40}},"104":{"start":{"line":226,"column":4},"end":{"line":226,"column":36}},"105":{"start":{"line":229,"column":4},"end":{"line":279,"column":9}},"106":{"start":{"line":242,"column":8},"end":{"line":242,"column":62}},"107":{"start":{"line":243,"column":8},"end":{"line":243,"column":31}},"108":{"start":{"line":246,"column":8},"end":{"line":246,"column":49}},"109":{"start":{"line":247,"column":8},"end":{"line":273,"column":9}},"110":{"start":{"line":249,"column":10},"end":{"line":249,"column":62}},"111":{"start":{"line":252,"column":29},"end":{"line":252,"column":76}},"112":{"start":{"line":253,"column":10},"end":{"line":255,"column":11}},"113":{"start":{"line":254,"column":12},"end":{"line":254,"column":55}},"114":{"start":{"line":258,"column":31},"end":{"line":258,"column":67}},"115":{"start":{"line":259,"column":24},"end":{"line":259,"column":55}},"116":{"start":{"line":260,"column":10},"end":{"line":265,"column":11}},"117":{"start":{"line":261,"column":12},"end":{"line":261,"column":25}},"118":{"start":{"line":264,"column":12},"end":{"line":264,"column":43}},"119":{"start":{"line":268,"column":10},"end":{"line":268,"column":49}},"120":{"start":{"line":270,"column":10},"end":{"line":272,"column":12}},"121":{"start":{"line":276,"column":8},"end":{"line":276,"column":44}},"122":{"start":{"line":277,"column":8},"end":{"line":277,"column":51}},"123":{"start":{"line":278,"column":8},"end":{"line":278,"column":61}}},"fnMap":{"0":{"name":"updateModalTranslations","decl":{"start":{"line":4,"column":9},"end":{"line":4,"column":32}},"loc":{"start":{"line":4,"column":35},"end":{"line":58,"column":1}},"line":4},"1":{"name":"(anonymous_1)","decl":{"start":{"line":63,"column":46},"end":{"line":63,"column":47}},"loc":{"start":{"line":63,"column":58},"end":{"line":281,"column":1}},"line":63},"2":{"name":"(anonymous_2)","decl":{"start":{"line":77,"column":12},"end":{"line":77,"column":13}},"loc":{"start":{"line":77,"column":24},"end":{"line":77,"column":39}},"line":77},"3":{"name":"(anonymous_3)","decl":{"start":{"line":78,"column":12},"end":{"line":78,"column":13}},"loc":{"start":{"line":78,"column":28},"end":{"line":80,"column":7}},"line":78},"4":{"name":"(anonymous_4)","decl":{"start":{"line":81,"column":13},"end":{"line":81,"column":14}},"loc":{"start":{"line":81,"column":22},"end":{"line":83,"column":7}},"line":81},"5":{"name":"(anonymous_5)","decl":{"start":{"line":100,"column":20},"end":{"line":100,"column":21}},"loc":{"start":{"line":100,"column":28},"end":{"line":174,"column":3}},"line":100},"6":{"name":"(anonymous_6)","decl":{"start":{"line":101,"column":35},"end":{"line":101,"column":36}},"loc":{"start":{"line":101,"column":48},"end":{"line":173,"column":5}},"line":101},"7":{"name":"(anonymous_7)","decl":{"start":{"line":121,"column":24},"end":{"line":121,"column":25}},"loc":{"start":{"line":121,"column":29},"end":{"line":121,"column":57}},"line":121},"8":{"name":"(anonymous_8)","decl":{"start":{"line":148,"column":14},"end":{"line":148,"column":15}},"loc":{"start":{"line":148,"column":26},"end":{"line":151,"column":9}},"line":148},"9":{"name":"(anonymous_9)","decl":{"start":{"line":152,"column":14},"end":{"line":152,"column":15}},"loc":{"start":{"line":152,"column":22},"end":{"line":166,"column":9}},"line":152},"10":{"name":"(anonymous_10)","decl":{"start":{"line":167,"column":15},"end":{"line":167,"column":16}},"loc":{"start":{"line":167,"column":24},"end":{"line":172,"column":9}},"line":167},"11":{"name":"(anonymous_11)","decl":{"start":{"line":177,"column":39},"end":{"line":177,"column":40}},"loc":{"start":{"line":177,"column":51},"end":{"line":199,"column":3}},"line":177},"12":{"name":"(anonymous_12)","decl":{"start":{"line":202,"column":39},"end":{"line":202,"column":40}},"loc":{"start":{"line":202,"column":51},"end":{"line":280,"column":3}},"line":202},"13":{"name":"(anonymous_13)","decl":{"start":{"line":241,"column":12},"end":{"line":241,"column":13}},"loc":{"start":{"line":241,"column":24},"end":{"line":244,"column":7}},"line":241},"14":{"name":"(anonymous_14)","decl":{"start":{"line":245,"column":12},"end":{"line":245,"column":13}},"loc":{"start":{"line":245,"column":20},"end":{"line":274,"column":7}},"line":245},"15":{"name":"(anonymous_15)","decl":{"start":{"line":275,"column":13},"end":{"line":275,"column":14}},"loc":{"start":{"line":275,"column":22},"end":{"line":279,"column":7}},"line":275}},"branchMap":{"0":{"loc":{"start":{"line":12,"column":2},"end":{"line":16,"column":3}},"type":"if","locations":[{"start":{"line":12,"column":2},"end":{"line":16,"column":3}},{"start":{},"end":{}}],"line":12},"1":{"loc":{"start":{"line":12,"column":6},"end":{"line":12,"column":39}},"type":"binary-expr","locations":[{"start":{"line":12,"column":6},"end":{"line":12,"column":16}},{"start":{"line":12,"column":20},"end":{"line":12,"column":39}}],"line":12},"2":{"loc":{"start":{"line":20,"column":2},"end":{"line":23,"column":3}},"type":"if","locations":[{"start":{"line":20,"column":2},"end":{"line":23,"column":3}},{"start":{},"end":{}}],"line":20},"3":{"loc":{"start":{"line":20,"column":6},"end":{"line":20,"column":39}},"type":"binary-expr","locations":[{"start":{"line":20,"column":6},"end":{"line":20,"column":16}},{"start":{"line":20,"column":20},"end":{"line":20,"column":39}}],"line":20},"4":{"loc":{"start":{"line":27,"column":2},"end":{"line":29,"column":3}},"type":"if","locations":[{"start":{"line":27,"column":2},"end":{"line":29,"column":3}},{"start":{},"end":{}}],"line":27},"5":{"loc":{"start":{"line":27,"column":6},"end":{"line":27,"column":43}},"type":"binary-expr","locations":[{"start":{"line":27,"column":6},"end":{"line":27,"column":20}},{"start":{"line":27,"column":24},"end":{"line":27,"column":43}}],"line":27},"6":{"loc":{"start":{"line":33,"column":2},"end":{"line":35,"column":3}},"type":"if","locations":[{"start":{"line":33,"column":2},"end":{"line":35,"column":3}},{"start":{},"end":{}}],"line":33},"7":{"loc":{"start":{"line":33,"column":6},"end":{"line":33,"column":41}},"type":"binary-expr","locations":[{"start":{"line":33,"column":6},"end":{"line":33,"column":18}},{"start":{"line":33,"column":22},"end":{"line":33,"column":41}}],"line":33},"8":{"loc":{"start":{"line":39,"column":2},"end":{"line":41,"column":3}},"type":"if","locations":[{"start":{"line":39,"column":2},"end":{"line":41,"column":3}},{"start":{},"end":{}}],"line":39},"9":{"loc":{"start":{"line":39,"column":6},"end":{"line":39,"column":37}},"type":"binary-expr","locations":[{"start":{"line":39,"column":6},"end":{"line":39,"column":14}},{"start":{"line":39,"column":18},"end":{"line":39,"column":37}}],"line":39},"10":{"loc":{"start":{"line":47,"column":2},"end":{"line":50,"column":3}},"type":"if","locations":[{"start":{"line":47,"column":2},"end":{"line":50,"column":3}},{"start":{},"end":{}}],"line":47},"11":{"loc":{"start":{"line":47,"column":6},"end":{"line":47,"column":41}},"type":"binary-expr","locations":[{"start":{"line":47,"column":6},"end":{"line":47,"column":18}},{"start":{"line":47,"column":22},"end":{"line":47,"column":41}}],"line":47},"12":{"loc":{"start":{"line":54,"column":2},"end":{"line":57,"column":3}},"type":"if","locations":[{"start":{"line":54,"column":2},"end":{"line":57,"column":3}},{"start":{},"end":{}}],"line":54},"13":{"loc":{"start":{"line":54,"column":6},"end":{"line":54,"column":39}},"type":"binary-expr","locations":[{"start":{"line":54,"column":6},"end":{"line":54,"column":16}},{"start":{"line":54,"column":20},"end":{"line":54,"column":39}}],"line":54},"14":{"loc":{"start":{"line":68,"column":4},"end":{"line":70,"column":8}},"type":"binary-expr","locations":[{"start":{"line":68,"column":4},"end":{"line":68,"column":33}},{"start":{"line":69,"column":4},"end":{"line":69,"column":42}},{"start":{"line":70,"column":4},"end":{"line":70,"column":8}}],"line":68},"15":{"loc":{"start":{"line":71,"column":2},"end":{"line":84,"column":3}},"type":"if","locations":[{"start":{"line":71,"column":2},"end":{"line":84,"column":3}},{"start":{},"end":{}}],"line":71},"16":{"loc":{"start":{"line":71,"column":6},"end":{"line":71,"column":54}},"type":"binary-expr","locations":[{"start":{"line":71,"column":6},"end":{"line":71,"column":28}},{"start":{"line":71,"column":32},"end":{"line":71,"column":54}}],"line":71},"17":{"loc":{"start":{"line":111,"column":6},"end":{"line":114,"column":7}},"type":"if","locations":[{"start":{"line":111,"column":6},"end":{"line":114,"column":7}},{"start":{},"end":{}}],"line":111},"18":{"loc":{"start":{"line":111,"column":10},"end":{"line":111,"column":35}},"type":"binary-expr","locations":[{"start":{"line":111,"column":10},"end":{"line":111,"column":19}},{"start":{"line":111,"column":23},"end":{"line":111,"column":35}}],"line":111},"19":{"loc":{"start":{"line":126,"column":8},"end":{"line":128,"column":12}},"type":"binary-expr","locations":[{"start":{"line":126,"column":8},"end":{"line":126,"column":37}},{"start":{"line":127,"column":8},"end":{"line":127,"column":46}},{"start":{"line":128,"column":8},"end":{"line":128,"column":12}}],"line":126},"20":{"loc":{"start":{"line":130,"column":6},"end":{"line":132,"column":7}},"type":"if","locations":[{"start":{"line":130,"column":6},"end":{"line":132,"column":7}},{"start":{},"end":{}}],"line":130},"21":{"loc":{"start":{"line":130,"column":10},"end":{"line":130,"column":44}},"type":"binary-expr","locations":[{"start":{"line":130,"column":10},"end":{"line":130,"column":25}},{"start":{"line":130,"column":29},"end":{"line":130,"column":44}}],"line":130},"22":{"loc":{"start":{"line":154,"column":10},"end":{"line":164,"column":11}},"type":"if","locations":[{"start":{"line":154,"column":10},"end":{"line":164,"column":11}},{"start":{"line":156,"column":17},"end":{"line":164,"column":11}}],"line":154},"23":{"loc":{"start":{"line":161,"column":14},"end":{"line":163,"column":41}},"type":"binary-expr","locations":[{"start":{"line":161,"column":14},"end":{"line":161,"column":41}},{"start":{"line":162,"column":14},"end":{"line":162,"column":32}},{"start":{"line":163,"column":14},"end":{"line":163,"column":41}}],"line":161},"24":{"loc":{"start":{"line":180,"column":4},"end":{"line":183,"column":5}},"type":"if","locations":[{"start":{"line":180,"column":4},"end":{"line":183,"column":5}},{"start":{},"end":{}}],"line":180},"25":{"loc":{"start":{"line":180,"column":8},"end":{"line":180,"column":47}},"type":"binary-expr","locations":[{"start":{"line":180,"column":8},"end":{"line":180,"column":24}},{"start":{"line":180,"column":28},"end":{"line":180,"column":47}}],"line":180},"26":{"loc":{"start":{"line":187,"column":22},"end":{"line":189,"column":23}},"type":"cond-expr","locations":[{"start":{"line":188,"column":8},"end":{"line":188,"column":37}},{"start":{"line":189,"column":8},"end":{"line":189,"column":23}}],"line":187},"27":{"loc":{"start":{"line":192,"column":27},"end":{"line":192,"column":51}},"type":"binary-expr","locations":[{"start":{"line":192,"column":27},"end":{"line":192,"column":45}},{"start":{"line":192,"column":49},"end":{"line":192,"column":51}}],"line":192},"28":{"loc":{"start":{"line":205,"column":4},"end":{"line":208,"column":5}},"type":"if","locations":[{"start":{"line":205,"column":4},"end":{"line":208,"column":5}},{"start":{},"end":{}}],"line":205},"29":{"loc":{"start":{"line":205,"column":8},"end":{"line":205,"column":47}},"type":"binary-expr","locations":[{"start":{"line":205,"column":8},"end":{"line":205,"column":24}},{"start":{"line":205,"column":28},"end":{"line":205,"column":47}}],"line":205},"30":{"loc":{"start":{"line":213,"column":6},"end":{"line":215,"column":10}},"type":"binary-expr","locations":[{"start":{"line":213,"column":6},"end":{"line":213,"column":35}},{"start":{"line":214,"column":6},"end":{"line":214,"column":44}},{"start":{"line":215,"column":6},"end":{"line":215,"column":10}}],"line":213},"31":{"loc":{"start":{"line":218,"column":4},"end":{"line":220,"column":5}},"type":"if","locations":[{"start":{"line":218,"column":4},"end":{"line":220,"column":5}},{"start":{},"end":{}}],"line":218},"32":{"loc":{"start":{"line":218,"column":8},"end":{"line":218,"column":42}},"type":"binary-expr","locations":[{"start":{"line":218,"column":8},"end":{"line":218,"column":23}},{"start":{"line":218,"column":27},"end":{"line":218,"column":42}}],"line":218},"33":{"loc":{"start":{"line":247,"column":8},"end":{"line":273,"column":9}},"type":"if","locations":[{"start":{"line":247,"column":8},"end":{"line":273,"column":9}},{"start":{"line":269,"column":15},"end":{"line":273,"column":9}}],"line":247},"34":{"loc":{"start":{"line":249,"column":31},"end":{"line":249,"column":61}},"type":"binary-expr","locations":[{"start":{"line":249,"column":31},"end":{"line":249,"column":47}},{"start":{"line":249,"column":51},"end":{"line":249,"column":61}}],"line":249},"35":{"loc":{"start":{"line":253,"column":10},"end":{"line":255,"column":11}},"type":"if","locations":[{"start":{"line":253,"column":10},"end":{"line":255,"column":11}},{"start":{},"end":{}}],"line":253},"36":{"loc":{"start":{"line":253,"column":14},"end":{"line":253,"column":45}},"type":"binary-expr","locations":[{"start":{"line":253,"column":14},"end":{"line":253,"column":24}},{"start":{"line":253,"column":28},"end":{"line":253,"column":45}}],"line":253},"37":{"loc":{"start":{"line":260,"column":10},"end":{"line":265,"column":11}},"type":"if","locations":[{"start":{"line":260,"column":10},"end":{"line":265,"column":11}},{"start":{"line":262,"column":17},"end":{"line":265,"column":11}}],"line":260},"38":{"loc":{"start":{"line":271,"column":45},"end":{"line":271,"column":78}},"type":"binary-expr","locations":[{"start":{"line":271,"column":45},"end":{"line":271,"column":57}},{"start":{"line":271,"column":61},"end":{"line":271,"column":78}}],"line":271}},"s":{"0":0,"1":0,"2":0,"3":0,"4":0,"5":0,"6":0,"7":0,"8":0,"9":0,"10":0,"11":0,"12":0,"13":0,"14":0,"15":0,"16":0,"17":0,"18":0,"19":0,"20":0,"21":0,"22":0,"23":0,"24":0,"25":0,"26":0,"27":0,"28":0,"29":0,"30":0,"31":0,"32":0,"33":0,"34":0,"35":0,"36":0,"37":0,"38":0,"39":0,"40":0,"41":0,"42":0,"43":0,"44":0,"45":0,"46":0,"47":0,"48":0,"49":0,"50":0,"51":0,"52":0,"53":0,"54":0,"55":0,"56":0,"57":0,"58":0,"59":0,"60":0,"61":0,"62":0,"63":0,"64":0,"65":0,"66":0,"67":0,"68":0,"69":0,"70":0,"71":0,"72":0,"73":0,"74":0,"75":0,"76":0,"77":0,"78":0,"79":0,"80":0,"81":0,"82":0,"83":0,"84":0,"85":0,"86":0,"87":0,"88":0,"89":0,"90":0,"91":0,"92":0,"93":0,"94":0,"95":0,"96":0,"97":0,"98":0,"99":0,"100":0,"101":0,"102":0,"103":0,"104":0,"105":0,"106":0,"107":0,"108":0,"109":0,"110":0,"111":0,"112":0,"113":0,"114":0,"115":0,"116":0,"117":0,"118":0,"119":0,"120":0,"121":0,"122":0,"123":0},"f":{"0":0,"1":0,"2":0,"3":0,"4":0,"5":0,"6":0,"7":0,"8":0,"9":0,"10":0,"11":0,"12":0,"13":0,"14":0,"15":0},"b":{"0":[0,0],"1":[0,0],"2":[0,0],"3":[0,0],"4":[0,0],"5":[0,0],"6":[0,0],"7":[0,0],"8":[0,0],"9":[0,0],"10":[0,0],"11":[0,0],"12":[0,0],"13":[0,0],"14":[0,0,0],"15":[0,0],"16":[0,0],"17":[0,0],"18":[0,0],"19":[0,0,0],"20":[0,0],"21":[0,0],"22":[0,0],"23":[0,0,0],"24":[0,0],"25":[0,0],"26":[0,0],"27":[0,0],"28":[0,0],"29":[0,0],"30":[0,0,0],"31":[0,0],"32":[0,0],"33":[0,0],"34":[0,0],"35":[0,0],"36":[0,0],"37":[0,0],"38":[0,0]}}
,"/home/czhao/projets/episciences-manager/assets/scripts/partials/_header.js": {"path":"/home/czhao/projets/episciences-manager/assets/scripts/partials/_header.js","statementMap":{"0":{"start":{"line":1,"column":0},"end":{"line":256,"column":3}},"1":{"start":{"line":4,"column":21},"end":{"line":4,"column":41}},"2":{"start":{"line":7,"column":15},"end":{"line":7,"column":41}},"3":{"start":{"line":8,"column":18},"end":{"line":8,"column":46}},"4":{"start":{"line":11,"column":16},"end":{"line":11,"column":32}},"5":{"start":{"line":14,"column":25},"end":{"line":16,"column":40}},"6":{"start":{"line":16,"column":25},"end":{"line":16,"column":39}},"7":{"start":{"line":19,"column":4},"end":{"line":28,"column":5}},"8":{"start":{"line":24,"column":6},"end":{"line":24,"column":39}},"9":{"start":{"line":27,"column":6},"end":{"line":27,"column":43}},"10":{"start":{"line":31,"column":20},"end":{"line":31,"column":48}},"11":{"start":{"line":32,"column":21},"end":{"line":32,"column":61}},"12":{"start":{"line":35,"column":4},"end":{"line":47,"column":5}},"13":{"start":{"line":41,"column":6},"end":{"line":41,"column":58}},"14":{"start":{"line":44,"column":6},"end":{"line":44,"column":41}},"15":{"start":{"line":46,"column":6},"end":{"line":46,"column":38}},"16":{"start":{"line":52,"column":4},"end":{"line":131,"column":9}},"17":{"start":{"line":58,"column":8},"end":{"line":60,"column":9}},"18":{"start":{"line":59,"column":10},"end":{"line":59,"column":57}},"19":{"start":{"line":61,"column":8},"end":{"line":61,"column":31}},"20":{"start":{"line":65,"column":8},"end":{"line":77,"column":9}},"21":{"start":{"line":67,"column":31},"end":{"line":67,"column":59}},"22":{"start":{"line":68,"column":10},"end":{"line":70,"column":11}},"23":{"start":{"line":69,"column":12},"end":{"line":69,"column":66}},"24":{"start":{"line":73,"column":28},"end":{"line":73,"column":65}},"25":{"start":{"line":74,"column":10},"end":{"line":76,"column":11}},"26":{"start":{"line":75,"column":12},"end":{"line":75,"column":63}},"27":{"start":{"line":80,"column":8},"end":{"line":92,"column":9}},"28":{"start":{"line":82,"column":33},"end":{"line":82,"column":72}},"29":{"start":{"line":83,"column":10},"end":{"line":85,"column":11}},"30":{"start":{"line":84,"column":12},"end":{"line":84,"column":68}},"31":{"start":{"line":88,"column":27},"end":{"line":88,"column":63}},"32":{"start":{"line":89,"column":10},"end":{"line":91,"column":11}},"33":{"start":{"line":90,"column":12},"end":{"line":90,"column":62}},"34":{"start":{"line":95,"column":8},"end":{"line":97,"column":9}},"35":{"start":{"line":96,"column":10},"end":{"line":96,"column":54}},"36":{"start":{"line":100,"column":8},"end":{"line":100,"column":49}},"37":{"start":{"line":103,"column":8},"end":{"line":103,"column":55}},"38":{"start":{"line":106,"column":31},"end":{"line":108,"column":9}},"39":{"start":{"line":109,"column":8},"end":{"line":119,"column":9}},"40":{"start":{"line":110,"column":30},"end":{"line":110,"column":76}},"41":{"start":{"line":111,"column":10},"end":{"line":118,"column":11}},"42":{"start":{"line":112,"column":12},"end":{"line":113,"column":73}},"43":{"start":{"line":115,"column":12},"end":{"line":117,"column":43}},"44":{"start":{"line":122,"column":8},"end":{"line":122,"column":43}},"45":{"start":{"line":125,"column":8},"end":{"line":125,"column":43}},"46":{"start":{"line":128,"column":8},"end":{"line":128,"column":60}},"47":{"start":{"line":130,"column":8},"end":{"line":130,"column":45}},"48":{"start":{"line":135,"column":25},"end":{"line":135,"column":76}},"49":{"start":{"line":136,"column":23},"end":{"line":136,"column":72}},"50":{"start":{"line":138,"column":2},"end":{"line":192,"column":3}},"51":{"start":{"line":140,"column":4},"end":{"line":158,"column":7}},"52":{"start":{"line":141,"column":6},"end":{"line":141,"column":25}},"53":{"start":{"line":142,"column":6},"end":{"line":142,"column":26}},"54":{"start":{"line":145,"column":6},"end":{"line":157,"column":7}},"55":{"start":{"line":146,"column":8},"end":{"line":146,"column":44}},"56":{"start":{"line":147,"column":8},"end":{"line":147,"column":62}},"57":{"start":{"line":148,"column":8},"end":{"line":148,"column":48}},"58":{"start":{"line":150,"column":8},"end":{"line":150,"column":45}},"59":{"start":{"line":151,"column":8},"end":{"line":151,"column":49}},"60":{"start":{"line":152,"column":8},"end":{"line":152,"column":40}},"61":{"start":{"line":153,"column":8},"end":{"line":153,"column":38}},"62":{"start":{"line":154,"column":8},"end":{"line":154,"column":43}},"63":{"start":{"line":155,"column":8},"end":{"line":155,"column":61}},"64":{"start":{"line":156,"column":8},"end":{"line":156,"column":45}},"65":{"start":{"line":161,"column":26},"end":{"line":161,"column":75}},"66":{"start":{"line":162,"column":4},"end":{"line":179,"column":7}},"67":{"start":{"line":163,"column":6},"end":{"line":178,"column":9}},"68":{"start":{"line":164,"column":8},"end":{"line":164,"column":27}},"69":{"start":{"line":165,"column":8},"end":{"line":165,"column":28}},"70":{"start":{"line":167,"column":31},"end":{"line":167,"column":63}},"71":{"start":{"line":169,"column":8},"end":{"line":177,"column":9}},"72":{"start":{"line":171,"column":10},"end":{"line":171,"column":46}},"73":{"start":{"line":172,"column":10},"end":{"line":172,"column":64}},"74":{"start":{"line":173,"column":10},"end":{"line":173,"column":50}},"75":{"start":{"line":176,"column":10},"end":{"line":176,"column":48}},"76":{"start":{"line":182,"column":4},"end":{"line":191,"column":7}},"77":{"start":{"line":183,"column":6},"end":{"line":190,"column":7}},"78":{"start":{"line":187,"column":8},"end":{"line":187,"column":44}},"79":{"start":{"line":188,"column":8},"end":{"line":188,"column":62}},"80":{"start":{"line":189,"column":8},"end":{"line":189,"column":48}},"81":{"start":{"line":196,"column":4},"end":{"line":196,"column":69}},"82":{"start":{"line":198,"column":4},"end":{"line":222,"column":9}},"83":{"start":{"line":204,"column":8},"end":{"line":204,"column":62}},"84":{"start":{"line":205,"column":8},"end":{"line":205,"column":31}},"85":{"start":{"line":208,"column":8},"end":{"line":208,"column":62}},"86":{"start":{"line":210,"column":8},"end":{"line":210,"column":43}},"87":{"start":{"line":213,"column":8},"end":{"line":218,"column":9}},"88":{"start":{"line":214,"column":10},"end":{"line":214,"column":66}},"89":{"start":{"line":215,"column":10},"end":{"line":215,"column":43}},"90":{"start":{"line":217,"column":10},"end":{"line":217,"column":68}},"91":{"start":{"line":221,"column":8},"end":{"line":221,"column":60}},"92":{"start":{"line":227,"column":22},"end":{"line":227,"column":65}},"93":{"start":{"line":228,"column":4},"end":{"line":254,"column":7}},"94":{"start":{"line":229,"column":23},"end":{"line":229,"column":58}},"95":{"start":{"line":230,"column":26},"end":{"line":230,"column":64}},"96":{"start":{"line":231,"column":6},"end":{"line":253,"column":7}},"97":{"start":{"line":234,"column":23},"end":{"line":234,"column":78}},"98":{"start":{"line":235,"column":8},"end":{"line":235,"column":46}},"99":{"start":{"line":238,"column":8},"end":{"line":252,"column":13}},"100":{"start":{"line":243,"column":28},"end":{"line":243,"column":43}},"101":{"start":{"line":245,"column":12},"end":{"line":247,"column":13}},"102":{"start":{"line":246,"column":14},"end":{"line":246,"column":55}},"103":{"start":{"line":250,"column":12},"end":{"line":250,"column":66}}},"fnMap":{"0":{"name":"(anonymous_0)","decl":{"start":{"line":1,"column":46},"end":{"line":1,"column":47}},"loc":{"start":{"line":1,"column":58},"end":{"line":256,"column":1}},"line":1},"1":{"name":"performLanguageSwitch","decl":{"start":{"line":3,"column":11},"end":{"line":3,"column":32}},"loc":{"start":{"line":3,"column":49},"end":{"line":48,"column":3}},"line":3},"2":{"name":"(anonymous_2)","decl":{"start":{"line":16,"column":14},"end":{"line":16,"column":15}},"loc":{"start":{"line":16,"column":25},"end":{"line":16,"column":39}},"line":16},"3":{"name":"loadPageContentAjax","decl":{"start":{"line":51,"column":11},"end":{"line":51,"column":30}},"loc":{"start":{"line":51,"column":61},"end":{"line":132,"column":3}},"line":51},"4":{"name":"(anonymous_4)","decl":{"start":{"line":57,"column":12},"end":{"line":57,"column":13}},"loc":{"start":{"line":57,"column":24},"end":{"line":62,"column":7}},"line":57},"5":{"name":"(anonymous_5)","decl":{"start":{"line":63,"column":12},"end":{"line":63,"column":13}},"loc":{"start":{"line":63,"column":20},"end":{"line":126,"column":7}},"line":63},"6":{"name":"(anonymous_6)","decl":{"start":{"line":127,"column":13},"end":{"line":127,"column":14}},"loc":{"start":{"line":127,"column":22},"end":{"line":131,"column":7}},"line":127},"7":{"name":"(anonymous_7)","decl":{"start":{"line":140,"column":45},"end":{"line":140,"column":46}},"loc":{"start":{"line":140,"column":58},"end":{"line":158,"column":5}},"line":140},"8":{"name":"(anonymous_8)","decl":{"start":{"line":162,"column":26},"end":{"line":162,"column":27}},"loc":{"start":{"line":162,"column":42},"end":{"line":179,"column":5}},"line":162},"9":{"name":"(anonymous_9)","decl":{"start":{"line":163,"column":37},"end":{"line":163,"column":38}},"loc":{"start":{"line":163,"column":50},"end":{"line":178,"column":7}},"line":163},"10":{"name":"(anonymous_10)","decl":{"start":{"line":182,"column":39},"end":{"line":182,"column":40}},"loc":{"start":{"line":182,"column":52},"end":{"line":191,"column":5}},"line":182},"11":{"name":"updateTranslations","decl":{"start":{"line":195,"column":11},"end":{"line":195,"column":29}},"loc":{"start":{"line":195,"column":41},"end":{"line":223,"column":3}},"line":195},"12":{"name":"(anonymous_12)","decl":{"start":{"line":203,"column":12},"end":{"line":203,"column":13}},"loc":{"start":{"line":203,"column":24},"end":{"line":206,"column":7}},"line":203},"13":{"name":"(anonymous_13)","decl":{"start":{"line":207,"column":12},"end":{"line":207,"column":13}},"loc":{"start":{"line":207,"column":28},"end":{"line":219,"column":7}},"line":207},"14":{"name":"(anonymous_14)","decl":{"start":{"line":220,"column":13},"end":{"line":220,"column":14}},"loc":{"start":{"line":220,"column":22},"end":{"line":222,"column":7}},"line":220},"15":{"name":"updatePageNavLinks","decl":{"start":{"line":226,"column":11},"end":{"line":226,"column":29}},"loc":{"start":{"line":226,"column":41},"end":{"line":255,"column":3}},"line":226},"16":{"name":"(anonymous_16)","decl":{"start":{"line":228,"column":22},"end":{"line":228,"column":23}},"loc":{"start":{"line":228,"column":30},"end":{"line":254,"column":5}},"line":228},"17":{"name":"(anonymous_17)","decl":{"start":{"line":243,"column":16},"end":{"line":243,"column":17}},"loc":{"start":{"line":243,"column":28},"end":{"line":243,"column":43}},"line":243},"18":{"name":"(anonymous_18)","decl":{"start":{"line":244,"column":16},"end":{"line":244,"column":17}},"loc":{"start":{"line":244,"column":24},"end":{"line":248,"column":11}},"line":244},"19":{"name":"(anonymous_19)","decl":{"start":{"line":249,"column":17},"end":{"line":249,"column":18}},"loc":{"start":{"line":249,"column":26},"end":{"line":252,"column":11}},"line":249}},"branchMap":{"0":{"loc":{"start":{"line":7,"column":15},"end":{"line":7,"column":41}},"type":"binary-expr","locations":[{"start":{"line":7,"column":15},"end":{"line":7,"column":35}},{"start":{"line":7,"column":39},"end":{"line":7,"column":41}}],"line":7},"1":{"loc":{"start":{"line":19,"column":4},"end":{"line":28,"column":5}},"type":"if","locations":[{"start":{"line":19,"column":4},"end":{"line":28,"column":5}},{"start":{"line":25,"column":11},"end":{"line":28,"column":5}}],"line":19},"2":{"loc":{"start":{"line":20,"column":6},"end":{"line":21,"column":60}},"type":"binary-expr","locations":[{"start":{"line":20,"column":6},"end":{"line":20,"column":29}},{"start":{"line":21,"column":7},"end":{"line":21,"column":31}},{"start":{"line":21,"column":35},"end":{"line":21,"column":59}}],"line":20},"3":{"loc":{"start":{"line":35,"column":4},"end":{"line":47,"column":5}},"type":"if","locations":[{"start":{"line":35,"column":4},"end":{"line":47,"column":5}},{"start":{"line":42,"column":11},"end":{"line":47,"column":5}}],"line":35},"4":{"loc":{"start":{"line":36,"column":6},"end":{"line":38,"column":32}},"type":"binary-expr","locations":[{"start":{"line":36,"column":6},"end":{"line":36,"column":30}},{"start":{"line":37,"column":6},"end":{"line":37,"column":35}},{"start":{"line":38,"column":6},"end":{"line":38,"column":32}}],"line":36},"5":{"loc":{"start":{"line":58,"column":8},"end":{"line":60,"column":9}},"type":"if","locations":[{"start":{"line":58,"column":8},"end":{"line":60,"column":9}},{"start":{},"end":{}}],"line":58},"6":{"loc":{"start":{"line":65,"column":8},"end":{"line":77,"column":9}},"type":"if","locations":[{"start":{"line":65,"column":8},"end":{"line":77,"column":9}},{"start":{},"end":{}}],"line":65},"7":{"loc":{"start":{"line":65,"column":12},"end":{"line":65,"column":52}},"type":"binary-expr","locations":[{"start":{"line":65,"column":12},"end":{"line":65,"column":22}},{"start":{"line":65,"column":26},"end":{"line":65,"column":52}}],"line":65},"8":{"loc":{"start":{"line":68,"column":10},"end":{"line":70,"column":11}},"type":"if","locations":[{"start":{"line":68,"column":10},"end":{"line":70,"column":11}},{"start":{},"end":{}}],"line":68},"9":{"loc":{"start":{"line":74,"column":10},"end":{"line":76,"column":11}},"type":"if","locations":[{"start":{"line":74,"column":10},"end":{"line":76,"column":11}},{"start":{},"end":{}}],"line":74},"10":{"loc":{"start":{"line":80,"column":8},"end":{"line":92,"column":9}},"type":"if","locations":[{"start":{"line":80,"column":8},"end":{"line":92,"column":9}},{"start":{},"end":{}}],"line":80},"11":{"loc":{"start":{"line":80,"column":12},"end":{"line":80,"column":56}},"type":"binary-expr","locations":[{"start":{"line":80,"column":12},"end":{"line":80,"column":24}},{"start":{"line":80,"column":28},"end":{"line":80,"column":56}}],"line":80},"12":{"loc":{"start":{"line":83,"column":10},"end":{"line":85,"column":11}},"type":"if","locations":[{"start":{"line":83,"column":10},"end":{"line":85,"column":11}},{"start":{},"end":{}}],"line":83},"13":{"loc":{"start":{"line":89,"column":10},"end":{"line":91,"column":11}},"type":"if","locations":[{"start":{"line":89,"column":10},"end":{"line":91,"column":11}},{"start":{},"end":{}}],"line":89},"14":{"loc":{"start":{"line":95,"column":8},"end":{"line":97,"column":9}},"type":"if","locations":[{"start":{"line":95,"column":8},"end":{"line":97,"column":9}},{"start":{},"end":{}}],"line":95},"15":{"loc":{"start":{"line":95,"column":12},"end":{"line":95,"column":52}},"type":"binary-expr","locations":[{"start":{"line":95,"column":12},"end":{"line":95,"column":22}},{"start":{"line":95,"column":26},"end":{"line":95,"column":52}}],"line":95},"16":{"loc":{"start":{"line":109,"column":8},"end":{"line":119,"column":9}},"type":"if","locations":[{"start":{"line":109,"column":8},"end":{"line":119,"column":9}},{"start":{},"end":{}}],"line":109},"17":{"loc":{"start":{"line":111,"column":10},"end":{"line":118,"column":11}},"type":"if","locations":[{"start":{"line":111,"column":10},"end":{"line":118,"column":11}},{"start":{"line":114,"column":17},"end":{"line":118,"column":11}}],"line":111},"18":{"loc":{"start":{"line":138,"column":2},"end":{"line":192,"column":3}},"type":"if","locations":[{"start":{"line":138,"column":2},"end":{"line":192,"column":3}},{"start":{},"end":{}}],"line":138},"19":{"loc":{"start":{"line":138,"column":6},"end":{"line":138,"column":36}},"type":"binary-expr","locations":[{"start":{"line":138,"column":6},"end":{"line":138,"column":20}},{"start":{"line":138,"column":24},"end":{"line":138,"column":36}}],"line":138},"20":{"loc":{"start":{"line":145,"column":6},"end":{"line":157,"column":7}},"type":"if","locations":[{"start":{"line":145,"column":6},"end":{"line":157,"column":7}},{"start":{"line":149,"column":13},"end":{"line":157,"column":7}}],"line":145},"21":{"loc":{"start":{"line":169,"column":8},"end":{"line":177,"column":9}},"type":"if","locations":[{"start":{"line":169,"column":8},"end":{"line":177,"column":9}},{"start":{},"end":{}}],"line":169},"22":{"loc":{"start":{"line":183,"column":6},"end":{"line":190,"column":7}},"type":"if","locations":[{"start":{"line":183,"column":6},"end":{"line":190,"column":7}},{"start":{},"end":{}}],"line":183},"23":{"loc":{"start":{"line":184,"column":8},"end":{"line":185,"column":40}},"type":"binary-expr","locations":[{"start":{"line":184,"column":8},"end":{"line":184,"column":42}},{"start":{"line":185,"column":8},"end":{"line":185,"column":40}}],"line":184},"24":{"loc":{"start":{"line":213,"column":8},"end":{"line":218,"column":9}},"type":"if","locations":[{"start":{"line":213,"column":8},"end":{"line":218,"column":9}},{"start":{"line":216,"column":15},"end":{"line":218,"column":9}}],"line":213},"25":{"loc":{"start":{"line":231,"column":6},"end":{"line":253,"column":7}},"type":"if","locations":[{"start":{"line":231,"column":6},"end":{"line":253,"column":7}},{"start":{},"end":{}}],"line":231},"26":{"loc":{"start":{"line":231,"column":10},"end":{"line":231,"column":33}},"type":"binary-expr","locations":[{"start":{"line":231,"column":10},"end":{"line":231,"column":18}},{"start":{"line":231,"column":22},"end":{"line":231,"column":33}}],"line":231},"27":{"loc":{"start":{"line":245,"column":12},"end":{"line":247,"column":13}},"type":"if","locations":[{"start":{"line":245,"column":12},"end":{"line":247,"column":13}},{"start":{},"end":{}}],"line":245},"28":{"loc":{"start":{"line":245,"column":16},"end":{"line":245,"column":51}},"type":"binary-expr","locations":[{"start":{"line":245,"column":16},"end":{"line":245,"column":26}},{"start":{"line":245,"column":30},"end":{"line":245,"column":51}}],"line":245}},"s":{"0":0,"1":0,"2":0,"3":0,"4":0,"5":0,"6":0,"7":0,"8":0,"9":0,"10":0,"11":0,"12":0,"13":0,"14":0,"15":0,"16":0,"17":0,"18":0,"19":0,"20":0,"21":0,"22":0,"23":0,"24":0,"25":0,"26":0,"27":0,"28":0,"29":0,"30":0,"31":0,"32":0,"33":0,"34":0,"35":0,"36":0,"37":0,"38":0,"39":0,"40":0,"41":0,"42":0,"43":0,"44":0,"45":0,"46":0,"47":0,"48":0,"49":0,"50":0,"51":0,"52":0,"53":0,"54":0,"55":0,"56":0,"57":0,"58":0,"59":0,"60":0,"61":0,"62":0,"63":0,"64":0,"65":0,"66":0,"67":0,"68":0,"69":0,"70":0,"71":0,"72":0,"73":0,"74":0,"75":0,"76":0,"77":0,"78":0,"79":0,"80":0,"81":0,"82":0,"83":0,"84":0,"85":0,"86":0,"87":0,"88":0,"89":0,"90":0,"91":0,"92":0,"93":0,"94":0,"95":0,"96":0,"97":0,"98":0,"99":0,"100":0,"101":0,"102":0,"103":0},"f":{"0":0,"1":0,"2":0,"3":0,"4":0,"5":0,"6":0,"7":0,"8":0,"9":0,"10":0,"11":0,"12":0,"13":0,"14":0,"15":0,"16":0,"17":0,"18":0,"19":0},"b":{"0":[0,0],"1":[0,0],"2":[0,0,0],"3":[0,0],"4":[0,0,0],"5":[0,0],"6":[0,0],"7":[0,0],"8":[0,0],"9":[0,0],"10":[0,0],"11":[0,0],"12":[0,0],"13":[0,0],"14":[0,0],"15":[0,0],"16":[0,0],"17":[0,0],"18":[0,0],"19":[0,0],"20":[0,0],"21":[0,0],"22":[0,0],"23":[0,0],"24":[0,0],"25":[0,0],"26":[0,0],"27":[0,0],"28":[0,0]}}
,"/home/czhao/projets/episciences-manager/assets/scripts/partials/_navbar.js": {"path":"/home/czhao/projets/episciences-manager/assets/scripts/partials/_navbar.js","statementMap":{"0":{"start":{"line":1,"column":0},"end":{"line":18,"column":3}},"1":{"start":{"line":2,"column":15},"end":{"line":2,"column":39}},"2":{"start":{"line":3,"column":20},"end":{"line":3,"column":65}},"3":{"start":{"line":5,"column":2},"end":{"line":17,"column":3}},"4":{"start":{"line":6,"column":4},"end":{"line":6,"column":64}},"5":{"start":{"line":8,"column":21},"end":{"line":8,"column":59}},"6":{"start":{"line":9,"column":4},"end":{"line":16,"column":7}},"7":{"start":{"line":10,"column":6},"end":{"line":15,"column":7}},"8":{"start":{"line":14,"column":8},"end":{"line":14,"column":37}}},"fnMap":{"0":{"name":"(anonymous_0)","decl":{"start":{"line":1,"column":46},"end":{"line":1,"column":47}},"loc":{"start":{"line":1,"column":58},"end":{"line":18,"column":1}},"line":1},"1":{"name":"(anonymous_1)","decl":{"start":{"line":9,"column":21},"end":{"line":9,"column":22}},"loc":{"start":{"line":9,"column":29},"end":{"line":16,"column":5}},"line":9}},"branchMap":{"0":{"loc":{"start":{"line":3,"column":20},"end":{"line":3,"column":65}},"type":"cond-expr","locations":[{"start":{"line":3,"column":41},"end":{"line":3,"column":58}},{"start":{"line":3,"column":61},"end":{"line":3,"column":65}}],"line":3},"1":{"loc":{"start":{"line":5,"column":2},"end":{"line":17,"column":3}},"type":"if","locations":[{"start":{"line":5,"column":2},"end":{"line":17,"column":3}},{"start":{"line":7,"column":9},"end":{"line":17,"column":3}}],"line":5},"2":{"loc":{"start":{"line":5,"column":6},"end":{"line":5,"column":43}},"type":"binary-expr","locations":[{"start":{"line":5,"column":6},"end":{"line":5,"column":22}},{"start":{"line":5,"column":26},"end":{"line":5,"column":43}}],"line":5},"3":{"loc":{"start":{"line":10,"column":6},"end":{"line":15,"column":7}},"type":"if","locations":[{"start":{"line":10,"column":6},"end":{"line":15,"column":7}},{"start":{},"end":{}}],"line":10},"4":{"loc":{"start":{"line":11,"column":8},"end":{"line":12,"column":61}},"type":"binary-expr","locations":[{"start":{"line":11,"column":8},"end":{"line":11,"column":47}},{"start":{"line":12,"column":8},"end":{"line":12,"column":61}}],"line":11}},"s":{"0":0,"1":0,"2":0,"3":0,"4":0,"5":0,"6":0,"7":0,"8":0},"f":{"0":0,"1":0},"b":{"0":[0,0],"1":[0,0],"2":[0,0],"3":[0,0],"4":[0,0]}}
}
